<?xml version="1.0" encoding="UTF-8"?>
<coverage generated="1689635845822" clover="3.2.0">
  <project timestamp="1689635845822" name="All files">
    <metrics statements="52" coveredstatements="52" conditionals="22" coveredconditionals="22" methods="12" coveredmethods="12" elements="86" coveredelements="86" complexity="0" loc="52" ncloc="52" packages="1" files="9" classes="9"/>
    <file name="average.js" path="/home/bshiromoto/Programação/portfolio/05-project-js-unit-tests/src/average.js">
      <metrics statements="11" coveredstatements="11" conditionals="4" coveredconditionals="4" methods="1" coveredmethods="1"/>
      <line num="14" count="1" type="stmt"/>
      <line num="15" count="3" type="cond" truecount="2" falsecount="0"/>
      <line num="16" count="1" type="stmt"/>
      <line num="18" count="2" type="stmt"/>
      <line num="19" count="2" type="stmt"/>
      <line num="20" count="6" type="cond" truecount="2" falsecount="0"/>
      <line num="21" count="1" type="stmt"/>
      <line num="23" count="5" type="stmt"/>
      <line num="25" count="1" type="stmt"/>
      <line num="26" count="1" type="stmt"/>
      <line num="29" count="1" type="stmt"/>
    </file>
    <file name="circle.js" path="/home/bshiromoto/Programação/portfolio/05-project-js-unit-tests/src/circle.js">
      <metrics statements="5" coveredstatements="5" conditionals="4" coveredconditionals="4" methods="1" coveredmethods="1"/>
      <line num="21" count="1" type="stmt"/>
      <line num="22" count="7" type="stmt"/>
      <line num="24" count="7" type="cond" truecount="4" falsecount="0"/>
      <line num="26" count="5" type="stmt"/>
      <line num="33" count="1" type="stmt"/>
    </file>
    <file name="createStudent.js" path="/home/bshiromoto/Programação/portfolio/05-project-js-unit-tests/src/createStudent.js">
      <metrics statements="3" coveredstatements="3" conditionals="0" coveredconditionals="0" methods="2" coveredmethods="2"/>
      <line num="17" count="1" type="stmt"/>
      <line num="19" count="1" type="stmt"/>
      <line num="24" count="1" type="stmt"/>
    </file>
    <file name="getCharacter.js" path="/home/bshiromoto/Programação/portfolio/05-project-js-unit-tests/src/getCharacter.js">
      <metrics statements="9" coveredstatements="9" conditionals="4" coveredconditionals="4" methods="1" coveredmethods="1"/>
      <line num="40" count="1" type="stmt"/>
      <line num="58" count="1" type="stmt"/>
      <line num="59" count="3" type="cond" truecount="2" falsecount="0"/>
      <line num="60" count="1" type="stmt"/>
      <line num="63" count="2" type="stmt"/>
      <line num="65" count="2" type="cond" truecount="2" falsecount="0"/>
      <line num="66" count="1" type="stmt"/>
      <line num="69" count="1" type="stmt"/>
      <line num="72" count="1" type="stmt"/>
    </file>
    <file name="numbers.js" path="/home/bshiromoto/Programação/portfolio/05-project-js-unit-tests/src/numbers.js">
      <metrics statements="6" coveredstatements="6" conditionals="2" coveredconditionals="2" methods="1" coveredmethods="1"/>
      <line num="11" count="1" type="stmt"/>
      <line num="12" count="3" type="stmt"/>
      <line num="13" count="9" type="cond" truecount="2" falsecount="0"/>
      <line num="14" count="2" type="stmt"/>
      <line num="17" count="1" type="stmt"/>
      <line num="20" count="1" type="stmt"/>
    </file>
    <file name="objPlayground.js" path="/home/bshiromoto/Programação/portfolio/05-project-js-unit-tests/src/objPlayground.js">
      <metrics statements="5" coveredstatements="5" conditionals="4" coveredconditionals="4" methods="2" coveredmethods="2"/>
      <line num="37" count="1" type="stmt"/>
      <line num="38" count="2" type="cond" truecount="4" falsecount="0"/>
      <line num="39" count="1" type="stmt"/>
      <line num="48" count="1" type="stmt"/>
      <line num="50" count="1" type="stmt"/>
    </file>
    <file name="productDetails.js" path="/home/bshiromoto/Programação/portfolio/05-project-js-unit-tests/src/productDetails.js">
      <metrics statements="2" coveredstatements="2" conditionals="0" coveredconditionals="0" methods="1" coveredmethods="1"/>
      <line num="30" count="1" type="stmt"/>
      <line num="45" count="1" type="stmt"/>
    </file>
    <file name="restaurant.js" path="/home/bshiromoto/Programação/portfolio/05-project-js-unit-tests/src/restaurant.js">
      <metrics statements="6" coveredstatements="6" conditionals="0" coveredconditionals="0" methods="2" coveredmethods="2"/>
      <line num="44" count="1" type="stmt"/>
      <line num="45" count="5" type="stmt"/>
      <line num="46" count="3" type="stmt"/>
      <line num="48" count="5" type="stmt"/>
      <line num="50" count="1" type="stmt"/>
      <line num="71" count="1" type="stmt"/>
    </file>
    <file name="vqv.js" path="/home/bshiromoto/Programação/portfolio/05-project-js-unit-tests/src/vqv.js">
      <metrics statements="5" coveredstatements="5" conditionals="4" coveredconditionals="4" methods="1" coveredmethods="1"/>
      <line num="21" count="1" type="stmt"/>
      <line num="22" count="3" type="cond" truecount="4" falsecount="0"/>
      <line num="23" count="1" type="stmt"/>
      <line num="25" count="2" type="stmt"/>
      <line num="29" count="1" type="stmt"/>
    </file>
  </project>
</coverage>
