{"/home/bshiromoto/Programação/portfolio/05-project-js-unit-tests/src/average.js": {"path":"/home/bshiromoto/Programação/portfolio/05-project-js-unit-tests/src/average.js","statementMap":{"0":{"start":{"line":14,"column":16},"end":{"line":27,"column":1}},"1":{"start":{"line":15,"column":2},"end":{"line":17,"column":3}},"2":{"start":{"line":16,"column":4},"end":{"line":16,"column":21}},"3":{"start":{"line":18,"column":12},"end":{"line":18,"column":13}},"4":{"start":{"line":19,"column":2},"end":{"line":24,"column":3}},"5":{"start":{"line":20,"column":4},"end":{"line":22,"column":5}},"6":{"start":{"line":21,"column":6},"end":{"line":21,"column":23}},"7":{"start":{"line":23,"column":4},"end":{"line":23,"column":16}},"8":{"start":{"line":25,"column":15},"end":{"line":25,"column":45}},"9":{"start":{"line":26,"column":2},"end":{"line":26,"column":16}},"10":{"start":{"line":29,"column":0},"end":{"line":29,"column":25}}},"fnMap":{"0":{"name":"(anonymous_0)","decl":{"start":{"line":14,"column":16},"end":{"line":14,"column":17}},"loc":{"start":{"line":14,"column":27},"end":{"line":27,"column":1}},"line":14}},"branchMap":{"0":{"loc":{"start":{"line":15,"column":2},"end":{"line":17,"column":3}},"type":"if","locations":[{"start":{"line":15,"column":2},"end":{"line":17,"column":3}},{"start":{},"end":{}}],"line":15},"1":{"loc":{"start":{"line":20,"column":4},"end":{"line":22,"column":5}},"type":"if","locations":[{"start":{"line":20,"column":4},"end":{"line":22,"column":5}},{"start":{},"end":{}}],"line":20}},"s":{"0":1,"1":3,"2":1,"3":2,"4":2,"5":6,"6":1,"7":5,"8":1,"9":1,"10":1},"f":{"0":3},"b":{"0":[1,2],"1":[1,5]},"_coverageSchema":"1a1c01bbd47fc00a2c39e90264f33305004495a9","hash":"35a8f7767a1a08b91f9999ddc8d592d1bd2ab83f"}
,"/home/bshiromoto/Programação/portfolio/05-project-js-unit-tests/src/circle.js": {"path":"/home/bshiromoto/Programação/portfolio/05-project-js-unit-tests/src/circle.js","statementMap":{"0":{"start":{"line":21,"column":15},"end":{"line":31,"column":1}},"1":{"start":{"line":22,"column":13},"end":{"line":22,"column":17}},"2":{"start":{"line":24,"column":2},"end":{"line":24,"column":66}},"3":{"start":{"line":24,"column":47},"end":{"line":24,"column":64}},"4":{"start":{"line":26,"column":2},"end":{"line":30,"column":4}},"5":{"start":{"line":33,"column":0},"end":{"line":33,"column":24}}},"fnMap":{"0":{"name":"(anonymous_0)","decl":{"start":{"line":21,"column":15},"end":{"line":21,"column":16}},"loc":{"start":{"line":21,"column":27},"end":{"line":31,"column":1}},"line":21}},"branchMap":{"0":{"loc":{"start":{"line":24,"column":2},"end":{"line":24,"column":66}},"type":"if","locations":[{"start":{"line":24,"column":2},"end":{"line":24,"column":66}},{"start":{},"end":{}}],"line":24},"1":{"loc":{"start":{"line":24,"column":6},"end":{"line":24,"column":43}},"type":"binary-expr","locations":[{"start":{"line":24,"column":6},"end":{"line":24,"column":13}},{"start":{"line":24,"column":17},"end":{"line":24,"column":43}}],"line":24}},"s":{"0":1,"1":10,"2":10,"3":2,"4":8,"5":1},"f":{"0":10},"b":{"0":[2,8],"1":[10,9]},"_coverageSchema":"1a1c01bbd47fc00a2c39e90264f33305004495a9","hash":"4377b06e1aa5cfa7176ee93ee805b1d604ba2d37"}
,"/home/bshiromoto/Programação/portfolio/05-project-js-unit-tests/src/getCharacter.js": {"path":"/home/bshiromoto/Programação/portfolio/05-project-js-unit-tests/src/getCharacter.js","statementMap":{"0":{"start":{"line":40,"column":19},"end":{"line":56,"column":1}},"1":{"start":{"line":58,"column":21},"end":{"line":70,"column":1}},"2":{"start":{"line":59,"column":2},"end":{"line":61,"column":3}},"3":{"start":{"line":60,"column":4},"end":{"line":60,"column":21}},"4":{"start":{"line":63,"column":18},"end":{"line":63,"column":36}},"5":{"start":{"line":65,"column":2},"end":{"line":67,"column":3}},"6":{"start":{"line":66,"column":4},"end":{"line":66,"column":31}},"7":{"start":{"line":69,"column":2},"end":{"line":69,"column":19}},"8":{"start":{"line":72,"column":0},"end":{"line":72,"column":30}}},"fnMap":{"0":{"name":"(anonymous_0)","decl":{"start":{"line":58,"column":21},"end":{"line":58,"column":22}},"loc":{"start":{"line":58,"column":31},"end":{"line":70,"column":1}},"line":58}},"branchMap":{"0":{"loc":{"start":{"line":59,"column":2},"end":{"line":61,"column":3}},"type":"if","locations":[{"start":{"line":59,"column":2},"end":{"line":61,"column":3}},{"start":{},"end":{}}],"line":59},"1":{"loc":{"start":{"line":65,"column":2},"end":{"line":67,"column":3}},"type":"if","locations":[{"start":{"line":65,"column":2},"end":{"line":67,"column":3}},{"start":{},"end":{}}],"line":65}},"s":{"0":1,"1":1,"2":6,"3":1,"4":5,"5":5,"6":4,"7":1,"8":1},"f":{"0":6},"b":{"0":[1,5],"1":[4,1]},"_coverageSchema":"1a1c01bbd47fc00a2c39e90264f33305004495a9","hash":"25701f15ded9a015ae59cdf9cc7ab688c56cf277"}
,"/home/bshiromoto/Programação/portfolio/05-project-js-unit-tests/src/numbers.js": {"path":"/home/bshiromoto/Programação/portfolio/05-project-js-unit-tests/src/numbers.js","statementMap":{"0":{"start":{"line":11,"column":16},"end":{"line":18,"column":1}},"1":{"start":{"line":12,"column":2},"end":{"line":16,"column":3}},"2":{"start":{"line":12,"column":15},"end":{"line":12,"column":16}},"3":{"start":{"line":13,"column":4},"end":{"line":15,"column":5}},"4":{"start":{"line":14,"column":6},"end":{"line":14,"column":19}},"5":{"start":{"line":17,"column":2},"end":{"line":17,"column":14}},"6":{"start":{"line":20,"column":0},"end":{"line":20,"column":25}}},"fnMap":{"0":{"name":"(anonymous_0)","decl":{"start":{"line":11,"column":16},"end":{"line":11,"column":17}},"loc":{"start":{"line":11,"column":29},"end":{"line":18,"column":1}},"line":11}},"branchMap":{"0":{"loc":{"start":{"line":13,"column":4},"end":{"line":15,"column":5}},"type":"if","locations":[{"start":{"line":13,"column":4},"end":{"line":15,"column":5}},{"start":{},"end":{}}],"line":13}},"s":{"0":1,"1":4,"2":4,"3":11,"4":3,"5":1,"6":1},"f":{"0":4},"b":{"0":[3,8]},"_coverageSchema":"1a1c01bbd47fc00a2c39e90264f33305004495a9","hash":"2b6e61249e6d43860f2516237bf5c5632e25751c"}
,"/home/bshiromoto/Programação/portfolio/05-project-js-unit-tests/src/productDetails.js": {"path":"/home/bshiromoto/Programação/portfolio/05-project-js-unit-tests/src/productDetails.js","statementMap":{"0":{"start":{"line":30,"column":23},"end":{"line":43,"column":1}},"1":{"start":{"line":30,"column":56},"end":{"line":43,"column":1}},"2":{"start":{"line":45,"column":0},"end":{"line":45,"column":32}}},"fnMap":{"0":{"name":"(anonymous_0)","decl":{"start":{"line":30,"column":23},"end":{"line":30,"column":24}},"loc":{"start":{"line":30,"column":56},"end":{"line":43,"column":1}},"line":30}},"branchMap":{},"s":{"0":1,"1":7,"2":1},"f":{"0":7},"b":{},"_coverageSchema":"1a1c01bbd47fc00a2c39e90264f33305004495a9","hash":"2ed0d8844bc34eb54eb52e7490040cff88997961"}
,"/home/bshiromoto/Programação/portfolio/05-project-js-unit-tests/src/restaurant.js": {"path":"/home/bshiromoto/Programação/portfolio/05-project-js-unit-tests/src/restaurant.js","statementMap":{"0":{"start":{"line":44,"column":19},"end":{"line":49,"column":1}},"1":{"start":{"line":45,"column":24},"end":{"line":47,"column":3}},"2":{"start":{"line":46,"column":21},"end":{"line":46,"column":33}},"3":{"start":{"line":48,"column":2},"end":{"line":48,"column":23}},"4":{"start":{"line":50,"column":0},"end":{"line":50,"column":99}},"5":{"start":{"line":71,"column":0},"end":{"line":71,"column":28}}},"fnMap":{"0":{"name":"(anonymous_0)","decl":{"start":{"line":44,"column":19},"end":{"line":44,"column":20}},"loc":{"start":{"line":44,"column":37},"end":{"line":49,"column":1}},"line":44},"1":{"name":"(anonymous_1)","decl":{"start":{"line":46,"column":15},"end":{"line":46,"column":16}},"loc":{"start":{"line":46,"column":21},"end":{"line":46,"column":33}},"line":46}},"branchMap":{},"s":{"0":1,"1":5,"2":3,"3":5,"4":1,"5":1},"f":{"0":5,"1":3},"b":{},"_coverageSchema":"1a1c01bbd47fc00a2c39e90264f33305004495a9","hash":"2f0e74c566a723a368ccbc48910775928eab948c"}
}
