TN:
SF:src/average.js
FN:14,(anonymous_0)
FNF:1
FNH:1
FNDA:3,(anonymous_0)
DA:14,1
DA:15,3
DA:16,1
DA:18,2
DA:19,2
DA:20,6
DA:21,1
DA:23,5
DA:25,1
DA:26,1
DA:29,1
LF:11
LH:11
BRDA:15,0,0,1
BRDA:15,0,1,2
BRDA:20,1,0,1
BRDA:20,1,1,5
BRF:4
BRH:4
end_of_record
TN:
SF:src/circle.js
FN:21,(anonymous_0)
FNF:1
FNH:1
FNDA:10,(anonymous_0)
DA:21,1
DA:22,10
DA:24,10
DA:26,8
DA:33,1
LF:5
LH:5
BRDA:24,0,0,2
BRDA:24,0,1,8
BRDA:24,1,0,10
BRDA:24,1,1,9
BRF:4
BRH:4
end_of_record
TN:
SF:src/getCharacter.js
FN:58,(anonymous_0)
FNF:1
FNH:1
FNDA:6,(anonymous_0)
DA:40,1
DA:58,1
DA:59,6
DA:60,1
DA:63,5
DA:65,5
DA:66,4
DA:69,1
DA:72,1
LF:9
LH:9
BRDA:59,0,0,1
BRDA:59,0,1,5
BRDA:65,1,0,4
BRDA:65,1,1,1
BRF:4
BRH:4
end_of_record
TN:
SF:src/numbers.js
FN:11,(anonymous_0)
FNF:1
FNH:1
FNDA:4,(anonymous_0)
DA:11,1
DA:12,4
DA:13,11
DA:14,3
DA:17,1
DA:20,1
LF:6
LH:6
BRDA:13,0,0,3
BRDA:13,0,1,8
BRF:2
BRH:2
end_of_record
TN:
SF:src/productDetails.js
FN:30,(anonymous_0)
FNF:1
FNH:1
FNDA:7,(anonymous_0)
DA:30,7
DA:45,1
LF:2
LH:2
BRF:0
BRH:0
end_of_record
TN:
SF:src/restaurant.js
FN:44,(anonymous_0)
FN:46,(anonymous_1)
FNF:2
FNH:2
FNDA:5,(anonymous_0)
FNDA:3,(anonymous_1)
DA:44,1
DA:45,5
DA:46,3
DA:48,5
DA:50,1
DA:71,1
LF:6
LH:6
BRF:0
BRH:0
end_of_record
